<?xml version="1.0" encoding="UTF-8"?>
<!-- Generated by org.testng.reporters.JUnitXMLReporter -->
<testsuite ignored="0" hostname="MPARTHA" failures="1" tests="3" name="Originalcode2" time="53.134" errors="0" timestamp="2024-08-07T19:44:08 IST">
  <testcase classname="MPTech.tests.Originalcode2" name="submitorder" time="25.988">
    <failure type="java.lang.AssertionError" message="expected [true] but found [false]">
      <![CDATA[java.lang.AssertionError: expected [true] but found [false]
at MPTech.tests.Originalcode2.submitorder(Originalcode2.java:50)
at java.base/java.util.ArrayList.forEach(ArrayList.java:1511)
at java.base/java.util.concurrent.FutureTask.run(FutureTask.java:264)
at java.base/java.util.concurrent.ThreadPoolExecutor.runWorker(ThreadPoolExecutor.java:1136)
at java.base/java.util.concurrent.ThreadPoolExecutor$Worker.run(ThreadPoolExecutor.java:635)
at java.base/java.lang.Thread.run(Thread.java:840)
... Removed 22 stack frames]]>
    </failure>
  </testcase> <!-- submitorder -->
  <testcase classname="MPTech.tests.Originalcode2" name="submitorder" time="16.044"/>
  <testcase classname="MPTech.tests.Originalcode2" name="productvalidation" time="0.0">
    <skipped/>
  </testcase> <!-- productvalidation -->
</testsuite> <!-- Originalcode2 -->
